<?xml version="1.0" encoding="UTF-8"?>
<!-- Generated by org.testng.reporters.JUnitReportReporter -->
<testsuite hostname="DESKTOP-4JKD8DP" failures="0" tests="1" name="test_Scripts.Brainly_TC_01" time="67.377" errors="0" timestamp="2022-11-30T23:30:51 IST" skipped="0">
  <testcase classname="test_Scripts.Brainly_TC_01" name="testScript1" time="67.377"/>
  <system-out/>
</testsuite> <!-- test_Scripts.Brainly_TC_01 -->
